f:\visual studio\platformer\platformer\x64\debug\vc143.pdb
f:\visual studio\platformer\platformer\x64\debug\vc143.idb
f:\visual studio\platformer\platformer\x64\debug\player.obj
f:\visual studio\platformer\platformer\x64\debug\game.obj
f:\visual studio\platformer\platformer\x64\debug\stdafx.obj
f:\visual studio\platformer\platformer\x64\debug\platformer.obj
f:\visual studio\platformer\platformer\x64\debug\map.obj
f:\visual studio\platformer\platformer\x64\debug\tinyxml.obj
f:\visual studio\platformer\platformer\x64\debug\tinystr.obj
f:\visual studio\platformer\platformer\x64\debug\level.obj
f:\visual studio\platformer\platformer\x64\debug\tinyxmlparser.obj
f:\visual studio\platformer\platformer\x64\debug\tinyxmlerror.obj
f:\visual studio\platformer\platformer\x64\debug\platformer.ilk
f:\visual studio\platformer\x64\debug\platformer.exe
f:\visual studio\platformer\x64\debug\platformer.pdb
f:\visual studio\platformer\platformer\x64\debug\platformer.tlog\cl.command.1.tlog
f:\visual studio\platformer\platformer\x64\debug\platformer.tlog\cl.read.1.tlog
f:\visual studio\platformer\platformer\x64\debug\platformer.tlog\cl.write.1.tlog
f:\visual studio\platformer\platformer\x64\debug\platformer.tlog\link.command.1.tlog
f:\visual studio\platformer\platformer\x64\debug\platformer.tlog\link.read.1.tlog
f:\visual studio\platformer\platformer\x64\debug\platformer.tlog\link.write.1.tlog
